<?xml version="1.0" encoding="UTF-8"?>
<!-- Generated by org.testng.reporters.JUnitReportReporter -->
<testsuite hostname="Sagorika" failures="0" tests="10" name="unitech.unitechConsulting.testCases.HomePage_TS_001" time="27.807" errors="0" timestamp="15 Jul 2023 15:01:43 GMT">
  <testcase classname="unitech.unitechConsulting.testCases.HomePage_TS_001" name="TC_010_footerContactUs_HomePage" time="7.375"/>
  <testcase classname="unitech.unitechConsulting.testCases.HomePage_TS_001" name="TC_006_APIIntegreationDevelopment_HomePage" time="0.310"/>
  <testcase classname="unitech.unitechConsulting.testCases.HomePage_TS_001" name="TC_007_webMobileApplication_HomePage" time="0.283"/>
  <testcase classname="unitech.unitechConsulting.testCases.HomePage_TS_001" name="TC_009_middleAboutUS_HomePage" time="0.311"/>
  <testcase classname="unitech.unitechConsulting.testCases.HomePage_TS_001" name="TC_004_appDevelopment_HomePage" time="0.447"/>
  <testcase classname="unitech.unitechConsulting.testCases.HomePage_TS_001" name="TC_008_SpeedOptimization_HomePage" time="0.516"/>
  <testcase classname="unitech.unitechConsulting.testCases.HomePage_TS_001" name="TC_005_websiteDevelopement_HomePage" time="0.344"/>
  <testcase classname="unitech.unitechConsulting.testCases.HomePage_TS_001" name="TC_001_clickOnHomeButton_HomePage" time="3.220"/>
  <testcase classname="unitech.unitechConsulting.testCases.HomePage_TS_001" name="TC_002_discoverMore5_HomePage" time="11.018"/>
  <testcase classname="unitech.unitechConsulting.testCases.HomePage_TS_001" name="TC_003_discoverMore1_HomePage" time="3.983"/>
</testsuite> <!-- unitech.unitechConsulting.testCases.HomePage_TS_001 -->
