<?xml version="1.0" encoding="UTF-8"?>
<!-- Generated by org.testng.reporters.JUnitReportReporter -->
<testsuite hostname="Sagorika" failures="0" tests="27" name="unitech.unitechConsulting.testCases.Career_page_TC_001" time="49.645" errors="0" timestamp="15 Jul 2023 15:13:55 GMT">
  <testcase classname="unitech.unitechConsulting.testCases.Career_page_TC_001" name="TC_001_click_header_career_button" time="3.722"/>
  <testcase classname="unitech.unitechConsulting.testCases.Career_page_TC_001" name="TC_018_full_stack_devreloper_click" time="0.884"/>
  <testcase classname="unitech.unitechConsulting.testCases.Career_page_TC_001" name="TC_017_full_stack_devreloper_reade_more_click" time="1.864"/>
  <testcase classname="unitech.unitechConsulting.testCases.Career_page_TC_001" name="TC_024_Scrum_Master_click" time="0.873"/>
  <testcase classname="unitech.unitechConsulting.testCases.Career_page_TC_001" name="TC_009_click_BurgerMenu_AboutUs_button" time="0.559"/>
  <testcase classname="unitech.unitechConsulting.testCases.Career_page_TC_001" name="TC_027_ContactUs_Footer_button_click" time="0.870"/>
  <testcase classname="unitech.unitechConsulting.testCases.Career_page_TC_001" name="TC_006_click_header_ContactUs_button" time="1.529"/>
  <testcase classname="unitech.unitechConsulting.testCases.Career_page_TC_001" name="TC_029_Career_Footer_button_click" time="0.441"/>
  <testcase classname="unitech.unitechConsulting.testCases.Career_page_TC_001" name="TC_021_Quality_Assurance_Analyst_read_more_click" time="4.602"/>
  <testcase classname="unitech.unitechConsulting.testCases.Career_page_TC_001" name="TC_014_software_development_dropdown_click" time="2.248"/>
  <testcase classname="unitech.unitechConsulting.testCases.Career_page_TC_001" name="TC_016_Middle_Home_Career_click" time="2.142"/>
  <testcase classname="unitech.unitechConsulting.testCases.Career_page_TC_001" name="TC_026_AboutUs_Footer_button_click" time="0.958"/>
  <testcase classname="unitech.unitechConsulting.testCases.Career_page_TC_001" name="TC_012_software_development_BargerMenu_Career_click" time="2.360"/>
  <testcase classname="unitech.unitechConsulting.testCases.Career_page_TC_001" name="TC_023_Scrum_Master_Read_more_click" time="2.912"/>
  <testcase classname="unitech.unitechConsulting.testCases.Career_page_TC_001" name="TC_005_software_development_dropdown_click" time="6.267"/>
  <testcase classname="unitech.unitechConsulting.testCases.Career_page_TC_001" name="TC_011_click_BurgerMenu_Career_button" time="0.549"/>
  <testcase classname="unitech.unitechConsulting.testCases.Career_page_TC_001" name="TC_019_Word_Press_read_more_click" time="1.730"/>
  <testcase classname="unitech.unitechConsulting.testCases.Career_page_TC_001" name="TC_028_Software_Development_Footer_button_click" time="0.918"/>
  <testcase classname="unitech.unitechConsulting.testCases.Career_page_TC_001" name="TC_002_click_header_Home_button" time="1.048"/>
  <testcase classname="unitech.unitechConsulting.testCases.Career_page_TC_001" name="TC_013_software_development_dropdown_click" time="1.072"/>
  <testcase classname="unitech.unitechConsulting.testCases.Career_page_TC_001" name="TC_020_Word_Press__click" time="0.925"/>
  <testcase classname="unitech.unitechConsulting.testCases.Career_page_TC_001" name="TC_003_click_header_AboutUs_button" time="4.155"/>
  <testcase classname="unitech.unitechConsulting.testCases.Career_page_TC_001" name="TC_015_Logo_Psp_Tech_Career_click" time="0.982"/>
  <testcase classname="unitech.unitechConsulting.testCases.Career_page_TC_001" name="TC_025_ContactUs_Middle2_button_click" time="0.880"/>
  <testcase classname="unitech.unitechConsulting.testCases.Career_page_TC_001" name="TC_010_click_BurgerMenu_ContactUs_button" time="0.540"/>
  <testcase classname="unitech.unitechConsulting.testCases.Career_page_TC_001" name="TC_022_Quality_Assurance_Analyst_click" time="0.886"/>
  <testcase classname="unitech.unitechConsulting.testCases.Career_page_TC_001" name="TC_004_software_development_dropdown_click" time="3.729"/>
</testsuite> <!-- unitech.unitechConsulting.testCases.Career_page_TC_001 -->
