<?xml version="1.0" encoding="UTF-8"?>
<!-- Generated by org.testng.reporters.JUnitReportReporter -->
<testsuite hostname="DESKTOP-QIS2OCQ" failures="0" tests="11" name="unitech.unitechConsulting.testCases.HomePage_TS_001" time="22.080" errors="0" timestamp="15 Jul 2023 16:53:03 GMT">
  <testcase classname="unitech.unitechConsulting.testCases.HomePage_TS_001" name="TC_009_middleAboutUS_HomePage" time="0.467"/>
  <testcase classname="unitech.unitechConsulting.testCases.HomePage_TS_001" name="TC_001_clickOnHomeButton_HomePage" time="0.759"/>
  <testcase classname="unitech.unitechConsulting.testCases.HomePage_TS_001" name="TC_008_SpeedOptimization_HomePage" time="0.356"/>
  <testcase classname="unitech.unitechConsulting.testCases.HomePage_TS_001" name="tearDown" time="1.454"/>
  <testcase classname="unitech.unitechConsulting.testCases.HomePage_TS_001" name="TC_010_footerContactUs_HomePage" time="5.019"/>
  <testcase classname="unitech.unitechConsulting.testCases.HomePage_TS_001" name="TC_004_appDevelopment_HomePage" time="0.419"/>
  <testcase classname="unitech.unitechConsulting.testCases.HomePage_TS_001" name="TC_005_websiteDevelopement_HomePage" time="0.591"/>
  <testcase classname="unitech.unitechConsulting.testCases.HomePage_TS_001" name="TC_006_APIIntegreationDevelopment_HomePage" time="0.657"/>
  <testcase classname="unitech.unitechConsulting.testCases.HomePage_TS_001" name="TC_003_discoverMore1_HomePage" time="2.981"/>
  <testcase classname="unitech.unitechConsulting.testCases.HomePage_TS_001" name="TC_002_discoverMore5_HomePage" time="8.972"/>
  <testcase classname="unitech.unitechConsulting.testCases.HomePage_TS_001" name="TC_007_webMobileApplication_HomePage" time="0.405"/>
</testsuite> <!-- unitech.unitechConsulting.testCases.HomePage_TS_001 -->
