<?xml version="1.0" encoding="UTF-8"?>
<!-- Generated by org.testng.reporters.JUnitReportReporter -->
<testsuite hostname="DESKTOP-QIS2OCQ" failures="0" tests="10" name="unitech.unitechConsulting.testCases.HomePageGit_TC_001" time="9.234" errors="0" timestamp="15 Jul 2023 15:15:25 GMT">
  <testcase classname="unitech.unitechConsulting.testCases.HomePageGit_TC_001" name="TC_006_APIIntegreationDevelopment_HomePage" time="0.054"/>
  <testcase classname="unitech.unitechConsulting.testCases.HomePageGit_TC_001" name="TC_010_footerContactUs_HomePage" time="0.870"/>
  <testcase classname="unitech.unitechConsulting.testCases.HomePageGit_TC_001" name="TC_008_SpeedOptimization_HomePage" time="0.069"/>
  <testcase classname="unitech.unitechConsulting.testCases.HomePageGit_TC_001" name="TC_009_middleAboutUS_HomePage" time="0.068"/>
  <testcase classname="unitech.unitechConsulting.testCases.HomePageGit_TC_001" name="TC_001_clickOnHomeButton_HomePage" time="0.585"/>
  <testcase classname="unitech.unitechConsulting.testCases.HomePageGit_TC_001" name="TC_003_discoverMore1_HomePage" time="0.869"/>
  <testcase classname="unitech.unitechConsulting.testCases.HomePageGit_TC_001" name="TC_007_webMobileApplication_HomePage" time="0.066"/>
  <testcase classname="unitech.unitechConsulting.testCases.HomePageGit_TC_001" name="TC_002_discoverMore5_HomePage" time="6.511"/>
  <testcase classname="unitech.unitechConsulting.testCases.HomePageGit_TC_001" name="TC_005_websiteDevelopement_HomePage" time="0.053"/>
  <testcase classname="unitech.unitechConsulting.testCases.HomePageGit_TC_001" name="TC_004_appDevelopment_HomePage" time="0.089"/>
</testsuite> <!-- unitech.unitechConsulting.testCases.HomePageGit_TC_001 -->
