<?xml version="1.0" encoding="UTF-8"?>
<!-- Generated by org.testng.reporters.JUnitReportReporter -->
<testsuite hostname="DESKTOP-QIS2OCQ" failures="0" tests="28" name="unitech.unitechConsulting.testCases.Career_page_TC_001" time="26.148" errors="0" timestamp="15 Jul 2023 16:47:10 GMT">
  <testcase classname="unitech.unitechConsulting.testCases.Career_page_TC_001" name="TC_001_click_header_career_button" time="0.931"/>
  <testcase classname="unitech.unitechConsulting.testCases.Career_page_TC_001" name="TC_019_Word_Press_read_more_click" time="0.742"/>
  <testcase classname="unitech.unitechConsulting.testCases.Career_page_TC_001" name="TC_011_click_BurgerMenu_Career_button" time="0.436"/>
  <testcase classname="unitech.unitechConsulting.testCases.Career_page_TC_001" name="TC_003_click_header_AboutUs_button" time="0.995"/>
  <testcase classname="unitech.unitechConsulting.testCases.Career_page_TC_001" name="TC_013_software_development_dropdown_click" time="2.042"/>
  <testcase classname="unitech.unitechConsulting.testCases.Career_page_TC_001" name="TC_004_software_development_dropdown_click" time="2.266"/>
  <testcase classname="unitech.unitechConsulting.testCases.Career_page_TC_001" name="TC_015_Logo_Psp_Tech_Career_click" time="0.771"/>
  <testcase classname="unitech.unitechConsulting.testCases.Career_page_TC_001" name="TC_010_click_BurgerMenu_ContactUs_button" time="0.409"/>
  <testcase classname="unitech.unitechConsulting.testCases.Career_page_TC_001" name="TC_024_Scrum_Master_click" time="0.665"/>
  <testcase classname="unitech.unitechConsulting.testCases.Career_page_TC_001" name="TC_025_ContactUs_Middle2_button_click" time="0.679"/>
  <testcase classname="unitech.unitechConsulting.testCases.Career_page_TC_001" name="TC_014_software_development_dropdown_click" time="2.075"/>
  <testcase classname="unitech.unitechConsulting.testCases.Career_page_TC_001" name="TC_002_click_header_Home_button" time="0.732"/>
  <testcase classname="unitech.unitechConsulting.testCases.Career_page_TC_001" name="TC_023_Scrum_Master_Read_more_click" time="0.815"/>
  <testcase classname="unitech.unitechConsulting.testCases.Career_page_TC_001" name="TC_021_Quality_Assurance_Analyst_read_more_click" time="0.816"/>
  <testcase classname="unitech.unitechConsulting.testCases.Career_page_TC_001" name="TC_029_Career_Footer_button_click" time="0.372"/>
  <testcase classname="unitech.unitechConsulting.testCases.Career_page_TC_001" name="TC_016_Middle_Home_Career_click" time="1.889"/>
  <testcase classname="unitech.unitechConsulting.testCases.Career_page_TC_001" name="TC_018_full_stack_devreloper_click" time="0.858"/>
  <testcase classname="unitech.unitechConsulting.testCases.Career_page_TC_001" name="TC_026_AboutUs_Footer_button_click" time="0.735"/>
  <testcase classname="unitech.unitechConsulting.testCases.Career_page_TC_001" name="TC_009_click_BurgerMenu_AboutUs_button" time="0.430"/>
  <testcase classname="unitech.unitechConsulting.testCases.Career_page_TC_001" name="tearDown" time="0.196"/>
  <testcase classname="unitech.unitechConsulting.testCases.Career_page_TC_001" name="TC_005_software_development_dropdown_click" time="2.252"/>
  <testcase classname="unitech.unitechConsulting.testCases.Career_page_TC_001" name="TC_006_click_header_ContactUs_button" time="0.814"/>
  <testcase classname="unitech.unitechConsulting.testCases.Career_page_TC_001" name="TC_028_Software_Development_Footer_button_click" time="0.725"/>
  <testcase classname="unitech.unitechConsulting.testCases.Career_page_TC_001" name="TC_020_Word_Press__click" time="0.772"/>
  <testcase classname="unitech.unitechConsulting.testCases.Career_page_TC_001" name="TC_012_software_development_BargerMenu_Career_click" time="0.568"/>
  <testcase classname="unitech.unitechConsulting.testCases.Career_page_TC_001" name="TC_017_full_stack_devreloper_reade_more_click" time="0.812"/>
  <testcase classname="unitech.unitechConsulting.testCases.Career_page_TC_001" name="TC_027_ContactUs_Footer_button_click" time="0.669"/>
  <testcase classname="unitech.unitechConsulting.testCases.Career_page_TC_001" name="TC_022_Quality_Assurance_Analyst_click" time="0.682"/>
</testsuite> <!-- unitech.unitechConsulting.testCases.Career_page_TC_001 -->
